This is pdfTeX, Version 3.141592653-2.6-1.40.23 (TeX Live 2022/dev) (preloaded format=pdflatex 2022.1.12)  15 NOV 2023 14:05
entering extended mode
 \write18 enabled.
 file:line:error style messages enabled.
 %&-line parsing enabled.
**2023-BE-01-deu.tex
(./2023-BE-01-deu.tex
LaTeX2e <2021-11-15> patch level 1
L3 programming layer <2021-11-22>
(/usr/local/texlive/2021/texmf-dist/tex/latex/base/report.cls
Document Class: report 2021/10/04 v1.4n Standard LaTeX document class
(/usr/local/texlive/2021/texmf-dist/tex/latex/base/size11.clo
File: size11.clo 2021/10/04 v1.4n Standard LaTeX file (size option)
)
\c@part=\count183
\c@chapter=\count184
\c@section=\count185
\c@subsection=\count186
\c@subsubsection=\count187
\c@paragraph=\count188
\c@subparagraph=\count189
\c@figure=\count190
\c@table=\count191
\abovecaptionskip=\skip47
\belowcaptionskip=\skip48
\bibindent=\dimen138
)
(/usr/local/texlive/2021/texmf-dist/tex/latex/base/fontenc.sty
Package: fontenc 2021/04/29 v2.0v Standard LaTeX package
)
(/usr/local/texlive/2021/texmf-dist/tex/latex/base/inputenc.sty
Package: inputenc 2021/02/14 v1.3d Input encoding file
\inpenc@prehook=\toks16
\inpenc@posthook=\toks17
)
(/usr/local/texlive/2021/texmf-dist/tex/generic/babel/babel.sty
Package: babel 2021/12/30 3.69 The Babel package
\babel@savecnt=\count192
\U@D=\dimen139
\l@unhyphenated=\language87

(/usr/local/texlive/2021/texmf-dist/tex/generic/babel/txtbabel.def)
\bbl@readstream=\read2
\bbl@dirlevel=\count193

(/usr/local/texlive/2021/texmf-dist/tex/generic/babel-german/german.ldf
Language: german 2021/02/27 v2.13 German support for babel (pre-1996 orthograph
y)

(/usr/local/texlive/2021/texmf-dist/tex/generic/babel-german/germanb.ldf
Language: germanb 2021/02/27 v2.13 German support for babel (pre-1996 orthograp
hy)
Package babel Info: Making " an active character on input line 139.
)))
(/usr/local/texlive/2021/texmf-dist/tex/latex/etoolbox/etoolbox.sty
Package: etoolbox 2020/10/05 v2.5k e-TeX tools for LaTeX (JAW)
\etb@tempcnta=\count194
)
(/usr/local/texlive/2021/texmf-dist/tex/latex/geometry/geometry.sty
Package: geometry 2020/01/02 v5.9 Page Geometry

(/usr/local/texlive/2021/texmf-dist/tex/latex/graphics/keyval.sty
Package: keyval 2014/10/28 v1.15 key=value parser (DPC)
\KV@toks@=\toks18
)
(/usr/local/texlive/2021/texmf-dist/tex/generic/iftex/ifvtex.sty
Package: ifvtex 2019/10/25 v1.7 ifvtex legacy package. Use iftex instead.

(/usr/local/texlive/2021/texmf-dist/tex/generic/iftex/iftex.sty
Package: iftex 2020/03/06 v1.0d TeX engine tests
))
\Gm@cnth=\count195
\Gm@cntv=\count196
\c@Gm@tempcnt=\count197
\Gm@bindingoffset=\dimen140
\Gm@wd@mp=\dimen141
\Gm@odd@mp=\dimen142
\Gm@even@mp=\dimen143
\Gm@layoutwidth=\dimen144
\Gm@layoutheight=\dimen145
\Gm@layouthoffset=\dimen146
\Gm@layoutvoffset=\dimen147
\Gm@dimlist=\toks19
)
(/usr/local/texlive/2021/texmf-dist/tex/latex/changepage/changepage.sty
Package: changepage 2009/10/20 v1.0c check page and change page layout
\c@cp@cntr=\count198
\cp@tempcnt=\count199
)
(/usr/local/texlive/2021/texmf-dist/tex/latex/setspace/setspace.sty
Package: setspace 2011/12/19 v6.7a set line spacing
)
(/usr/local/texlive/2021/texmf-dist/tex/latex/tools/tabularx.sty
Package: tabularx 2020/01/15 v2.11c `tabularx' package (DPC)

(/usr/local/texlive/2021/texmf-dist/tex/latex/tools/array.sty
Package: array 2021/10/04 v2.5f Tabular extension package (FMi)
\col@sep=\dimen148
\ar@mcellbox=\box50
\extrarowheight=\dimen149
\NC@list=\toks20
\extratabsurround=\skip49
\backup@length=\skip50
\ar@cellbox=\box51
)
\TX@col@width=\dimen150
\TX@old@table=\dimen151
\TX@old@col=\dimen152
\TX@target=\dimen153
\TX@delta=\dimen154
\TX@cols=\count266
\TX@ftn=\toks21
)
(/usr/local/texlive/2021/texmf-dist/tex/latex/booktabs/booktabs.sty
Package: booktabs 2020/01/12 v1.61803398 Publication quality tables
\heavyrulewidth=\dimen155
\lightrulewidth=\dimen156
\cmidrulewidth=\dimen157
\belowrulesep=\dimen158
\belowbottomsep=\dimen159
\aboverulesep=\dimen160
\abovetopsep=\dimen161
\cmidrulesep=\dimen162
\cmidrulekern=\dimen163
\defaultaddspace=\dimen164
\@cmidla=\count267
\@cmidlb=\count268
\@aboverulesep=\dimen165
\@belowrulesep=\dimen166
\@thisruleclass=\count269
\@lastruleclass=\count270
\@thisrulewidth=\dimen167
)
(/usr/local/texlive/2021/texmf-dist/tex/latex/makecell/makecell.sty
Package: makecell 2009/08/03 V0.1e Managing of Tab Column Heads and Cells
\rotheadsize=\dimen168
\c@nlinenum=\count271
\TeXr@lab=\toks22
)
(/usr/local/texlive/2021/texmf-dist/tex/latex/multirow/multirow.sty
Package: multirow 2021/03/15 v2.8 Span multiple rows of a table
\multirow@colwidth=\skip51
\multirow@cntb=\count272
\multirow@dima=\skip52
\bigstrutjot=\dimen169
)
(/usr/local/texlive/2021/texmf-dist/tex/latex/amsfonts/amssymb.sty
Package: amssymb 2013/01/14 v3.01 AMS font symbols

(/usr/local/texlive/2021/texmf-dist/tex/latex/amsfonts/amsfonts.sty
Package: amsfonts 2013/01/14 v3.01 Basic AMSFonts support
\@emptytoks=\toks23
\symAMSa=\mathgroup4
\symAMSb=\mathgroup5
LaTeX Font Info:    Redeclaring math symbol \hbar on input line 98.
LaTeX Font Info:    Overwriting math alphabet `\mathfrak' in version `bold'
(Font)                  U/euf/m/n --> U/euf/b/n on input line 106.
))
(/usr/local/texlive/2021/texmf-dist/tex/latex/amsmath/amsmath.sty
Package: amsmath 2021/10/15 v2.17l AMS math features
\@mathmargin=\skip53

For additional information on amsmath, use the `?' option.
(/usr/local/texlive/2021/texmf-dist/tex/latex/amsmath/amstext.sty
Package: amstext 2021/08/26 v2.01 AMS text

(/usr/local/texlive/2021/texmf-dist/tex/latex/amsmath/amsgen.sty
File: amsgen.sty 1999/11/30 v2.0 generic functions
\@emptytoks=\toks24
\ex@=\dimen170
))
(/usr/local/texlive/2021/texmf-dist/tex/latex/amsmath/amsbsy.sty
Package: amsbsy 1999/11/29 v1.2d Bold Symbols
\pmbraise@=\dimen171
)
(/usr/local/texlive/2021/texmf-dist/tex/latex/amsmath/amsopn.sty
Package: amsopn 2021/08/26 v2.02 operator names
)
\inf@bad=\count273
LaTeX Info: Redefining \frac on input line 234.
\uproot@=\count274
\leftroot@=\count275
LaTeX Info: Redefining \overline on input line 399.
\classnum@=\count276
\DOTSCASE@=\count277
LaTeX Info: Redefining \ldots on input line 496.
LaTeX Info: Redefining \dots on input line 499.
LaTeX Info: Redefining \cdots on input line 620.
\Mathstrutbox@=\box52
\strutbox@=\box53
\big@size=\dimen172
LaTeX Font Info:    Redeclaring font encoding OML on input line 743.
LaTeX Font Info:    Redeclaring font encoding OMS on input line 744.
\macc@depth=\count278
\c@MaxMatrixCols=\count279
\dotsspace@=\muskip16
\c@parentequation=\count280
\dspbrk@lvl=\count281
\tag@help=\toks25
\row@=\count282
\column@=\count283
\maxfields@=\count284
\andhelp@=\toks26
\eqnshift@=\dimen173
\alignsep@=\dimen174
\tagshift@=\dimen175
\tagwidth@=\dimen176
\totwidth@=\dimen177
\lineht@=\dimen178
\@envbody=\toks27
\multlinegap=\skip54
\multlinetaggap=\skip55
\mathdisplay@stack=\toks28
LaTeX Info: Redefining \[ on input line 2938.
LaTeX Info: Redefining \] on input line 2939.
)
(/usr/local/texlive/2021/texmf-dist/tex/latex/csquotes/csquotes.sty
Package: csquotes 2021-02-22 v5.2l context-sensitive quotations (JAW)
\csq@reset=\count285
\csq@gtype=\count286
\csq@glevel=\count287
\csq@qlevel=\count288
\csq@maxlvl=\count289
\csq@tshold=\count290
\csq@ltx@everypar=\toks29

(/usr/local/texlive/2021/texmf-dist/tex/latex/csquotes/csquotes.def
File: csquotes.def 2021-02-22 v5.2l csquotes generic definitions (JAW)
)
Package csquotes Info: Trying to load configuration file 'csquotes.cfg'...
Package csquotes Info: ... configuration file loaded successfully.

(/usr/local/texlive/2021/texmf-dist/tex/latex/csquotes/csquotes.cfg
File: csquotes.cfg 
)
Package csquotes Info: Option 'babel' depreciated.
(csquotes)             Using 'autostyle'.
Package csquotes Info: Enabling multilingual quotes.
)
Package csquotes Info: Disabling multilingual quotes.
Package csquotes Info: Redefining alias 'default' -> 'bebras-ch-deu'.

(/usr/local/texlive/2021/texmf-dist/tex/latex/hyperref/hyperref.sty
Package: hyperref 2021-06-07 v7.00m Hypertext links for LaTeX

(/usr/local/texlive/2021/texmf-dist/tex/generic/ltxcmds/ltxcmds.sty
Package: ltxcmds 2020-05-10 v1.25 LaTeX kernel commands for general use (HO)
)
(/usr/local/texlive/2021/texmf-dist/tex/generic/pdftexcmds/pdftexcmds.sty
Package: pdftexcmds 2020-06-27 v0.33 Utility functions of pdfTeX for LuaTeX (HO
)

(/usr/local/texlive/2021/texmf-dist/tex/generic/infwarerr/infwarerr.sty
Package: infwarerr 2019/12/03 v1.5 Providing info/warning/error messages (HO)
)
Package pdftexcmds Info: \pdf@primitive is available.
Package pdftexcmds Info: \pdf@ifprimitive is available.
Package pdftexcmds Info: \pdfdraftmode found.
)
(/usr/local/texlive/2021/texmf-dist/tex/generic/kvsetkeys/kvsetkeys.sty
Package: kvsetkeys 2019/12/15 v1.18 Key value parser (HO)
)
(/usr/local/texlive/2021/texmf-dist/tex/generic/kvdefinekeys/kvdefinekeys.sty
Package: kvdefinekeys 2019-12-19 v1.6 Define keys (HO)
)
(/usr/local/texlive/2021/texmf-dist/tex/generic/pdfescape/pdfescape.sty
Package: pdfescape 2019/12/09 v1.15 Implements pdfTeX's escape features (HO)
)
(/usr/local/texlive/2021/texmf-dist/tex/latex/hycolor/hycolor.sty
Package: hycolor 2020-01-27 v1.10 Color options for hyperref/bookmark (HO)
)
(/usr/local/texlive/2021/texmf-dist/tex/latex/letltxmacro/letltxmacro.sty
Package: letltxmacro 2019/12/03 v1.6 Let assignment for LaTeX macros (HO)
)
(/usr/local/texlive/2021/texmf-dist/tex/latex/auxhook/auxhook.sty
Package: auxhook 2019-12-17 v1.6 Hooks for auxiliary files (HO)
)
(/usr/local/texlive/2021/texmf-dist/tex/latex/kvoptions/kvoptions.sty
Package: kvoptions 2020-10-07 v3.14 Key value format for package options (HO)
)
\@linkdim=\dimen179
\Hy@linkcounter=\count291
\Hy@pagecounter=\count292

(/usr/local/texlive/2021/texmf-dist/tex/latex/hyperref/pd1enc.def
File: pd1enc.def 2021-06-07 v7.00m Hyperref: PDFDocEncoding definition (HO)
Now handling font encoding PD1 ...
... no UTF-8 mapping file for font encoding PD1
)
(/usr/local/texlive/2021/texmf-dist/tex/latex/hyperref/hyperref-langpatches.def
File: hyperref-langpatches.def 2021-06-07 v7.00m Hyperref: patches for babel la
nguages
) (/usr/local/texlive/2021/texmf-dist/tex/generic/intcalc/intcalc.sty
Package: intcalc 2019/12/15 v1.3 Expandable calculations with integers (HO)
)
(/usr/local/texlive/2021/texmf-dist/tex/generic/etexcmds/etexcmds.sty
Package: etexcmds 2019/12/15 v1.7 Avoid name clashes with e-TeX commands (HO)
)
\Hy@SavedSpaceFactor=\count293

(/usr/local/texlive/2021/texmf-dist/tex/latex/hyperref/puenc.def
File: puenc.def 2021-06-07 v7.00m Hyperref: PDF Unicode definition (HO)
Now handling font encoding PU ...
... no UTF-8 mapping file for font encoding PU
)
Package hyperref Info: Hyper figures OFF on input line 4192.
Package hyperref Info: Link nesting OFF on input line 4197.
Package hyperref Info: Hyper index ON on input line 4200.
Package hyperref Info: Plain pages OFF on input line 4207.
Package hyperref Info: Backreferencing OFF on input line 4212.
Package hyperref Info: Implicit mode ON; LaTeX internals redefined.
Package hyperref Info: Bookmarks ON on input line 4445.
\c@Hy@tempcnt=\count294

(/usr/local/texlive/2021/texmf-dist/tex/latex/url/url.sty
\Urlmuskip=\muskip17
Package: url 2013/09/16  ver 3.4  Verb mode for urls, etc.
)
LaTeX Info: Redefining \url on input line 4804.
\XeTeXLinkMargin=\dimen180

(/usr/local/texlive/2021/texmf-dist/tex/generic/bitset/bitset.sty
Package: bitset 2019/12/09 v1.3 Handle bit-vector datatype (HO)

(/usr/local/texlive/2021/texmf-dist/tex/generic/bigintcalc/bigintcalc.sty
Package: bigintcalc 2019/12/15 v1.5 Expandable calculations on big integers (HO
)
))
\Fld@menulength=\count295
\Field@Width=\dimen181
\Fld@charsize=\dimen182
Package hyperref Info: Hyper figures OFF on input line 6076.
Package hyperref Info: Link nesting OFF on input line 6081.
Package hyperref Info: Hyper index ON on input line 6084.
Package hyperref Info: backreferencing OFF on input line 6091.
Package hyperref Info: Link coloring OFF on input line 6096.
Package hyperref Info: Link coloring with OCG OFF on input line 6101.
Package hyperref Info: PDF/A mode OFF on input line 6106.
LaTeX Info: Redefining \ref on input line 6146.
LaTeX Info: Redefining \pageref on input line 6150.

(/usr/local/texlive/2021/texmf-dist/tex/latex/base/atbegshi-ltx.sty
Package: atbegshi-ltx 2021/01/10 v1.0c Emulation of the original atbegshi
package with kernel methods
)
\Hy@abspage=\count296
\c@Item=\count297
\c@Hfootnote=\count298
)
Package hyperref Info: Driver (autodetected): hpdftex.

(/usr/local/texlive/2021/texmf-dist/tex/latex/hyperref/hpdftex.def
File: hpdftex.def 2021-06-07 v7.00m Hyperref driver for pdfTeX

(/usr/local/texlive/2021/texmf-dist/tex/latex/base/atveryend-ltx.sty
Package: atveryend-ltx 2020/08/19 v1.0a Emulation of the original atveryend pac
kage
with kernel methods
)
\Fld@listcount=\count299
\c@bookmark@seq@number=\count300

(/usr/local/texlive/2021/texmf-dist/tex/latex/rerunfilecheck/rerunfilecheck.sty
Package: rerunfilecheck 2019/12/05 v1.9 Rerun checks for auxiliary files (HO)

(/usr/local/texlive/2021/texmf-dist/tex/generic/uniquecounter/uniquecounter.sty
Package: uniquecounter 2019/12/15 v1.4 Provide unlimited unique counter (HO)
)
Package uniquecounter Info: New unique counter `rerunfilecheck' on input line 2
86.
)
\Hy@SectionHShift=\skip56
) (/usr/local/texlive/2021/texmf-dist/tex/latex/graphics/graphicx.sty
Package: graphicx 2021/09/16 v1.2d Enhanced LaTeX Graphics (DPC,SPQR)

(/usr/local/texlive/2021/texmf-dist/tex/latex/graphics/graphics.sty
Package: graphics 2021/03/04 v1.4d Standard LaTeX Graphics (DPC,SPQR)

(/usr/local/texlive/2021/texmf-dist/tex/latex/graphics/trig.sty
Package: trig 2021/08/11 v1.11 sin cos tan (DPC)
)
(/usr/local/texlive/2021/texmf-dist/tex/latex/graphics-cfg/graphics.cfg
File: graphics.cfg 2016/06/04 v1.11 sample graphics configuration
)
Package graphics Info: Driver file: pdftex.def on input line 107.

(/usr/local/texlive/2021/texmf-dist/tex/latex/graphics-def/pdftex.def
File: pdftex.def 2020/10/05 v1.2a Graphics/color driver for pdftex
))
\Gin@req@height=\dimen183
\Gin@req@width=\dimen184
)
(/usr/local/texlive/2021/texmf-dist/tex/latex/svg/svg.sty
Package: svg 2020/11/26 v2.02k (include SVG pictures)

(/usr/local/texlive/2021/texmf-dist/tex/latex/koma-script/scrbase.sty
Package: scrbase 2021/11/13 v3.35 KOMA-Script package (KOMA-Script-independent 
basics and keyval usage)

(/usr/local/texlive/2021/texmf-dist/tex/latex/koma-script/scrlfile.sty
Package: scrlfile 2021/11/13 v3.35 KOMA-Script package (file load hooks)

(/usr/local/texlive/2021/texmf-dist/tex/latex/koma-script/scrlfile-hook.sty
Package: scrlfile-hook 2021/11/13 v3.35 KOMA-Script package (using LaTeX hooks)


(/usr/local/texlive/2021/texmf-dist/tex/latex/koma-script/scrlogo.sty
Package: scrlogo 2021/11/13 v3.35 KOMA-Script package (logo)
)))
Applying: [2021/05/01] Usage of raw or classic option list on input line 252.
Already applied: [0000/00/00] Usage of raw or classic option list on input line
 368.
)
(/usr/local/texlive/2021/texmf-dist/tex/latex/trimspaces/trimspaces.sty
Package: trimspaces 2009/09/17 v1.1 Trim spaces around a token list
)
(/usr/local/texlive/2021/texmf-dist/tex/latex/tools/shellesc.sty
Package: shellesc 2019/11/08 v1.0c unified shell escape interface for LaTeX
Package shellesc Info: Unrestricted shell escape enabled on input line 75.
)
(/usr/local/texlive/2021/texmf-dist/tex/latex/ifplatform/ifplatform.sty
Package: ifplatform 2017/10/13 v0.4a Testing for the operating system

(/usr/local/texlive/2021/texmf-dist/tex/generic/catchfile/catchfile.sty
Package: catchfile 2019/12/09 v1.8 Catch the contents of a file (HO)
)
(/usr/local/texlive/2021/texmf-dist/tex/generic/iftex/ifluatex.sty
Package: ifluatex 2019/10/25 v1.5 ifluatex legacy package. Use iftex instead.
)
runsystem(uname -s > "2023-BE-01-deu.w18")...executed.


(./2023-BE-01-deu.w18)
runsystem(rm -- "2023-BE-01-deu.w18")...executed.

)
\c@svg@param@lastpage=\count301
\svg@box=\box54
\c@svg@param@currpage=\count302
)
(/usr/local/texlive/2021/texmf-dist/tex/latex/xcolor/xcolor.sty
Package: xcolor 2021/10/31 v2.13 LaTeX color extensions (UK)

(/usr/local/texlive/2021/texmf-dist/tex/latex/graphics-cfg/color.cfg
File: color.cfg 2016/01/02 v1.6 sample color configuration
)
Package xcolor Info: Driver file: pdftex.def on input line 227.
Package xcolor Info: Model `cmy' substituted by `cmy0' on input line 1352.
Package xcolor Info: Model `hsb' substituted by `rgb' on input line 1356.
Package xcolor Info: Model `RGB' extended on input line 1368.
Package xcolor Info: Model `HTML' substituted by `rgb' on input line 1370.
Package xcolor Info: Model `Hsb' substituted by `hsb' on input line 1371.
Package xcolor Info: Model `tHsb' substituted by `hsb' on input line 1372.
Package xcolor Info: Model `HSB' substituted by `hsb' on input line 1373.
Package xcolor Info: Model `Gray' substituted by `gray' on input line 1374.
Package xcolor Info: Model `wave' substituted by `hsb' on input line 1375.
)
(/usr/local/texlive/2021/texmf-dist/tex/latex/transparent/transparent.sty
Package: transparent 2019/11/29 v1.4 Transparency via pdfTeX's color stack (HO)

)
(/usr/local/texlive/2021/texmf-dist/tex/latex/pgf/systemlayer/pgfsys.sty
(/usr/local/texlive/2021/texmf-dist/tex/latex/pgf/utilities/pgfrcs.sty
(/usr/local/texlive/2021/texmf-dist/tex/generic/pgf/utilities/pgfutil-common.te
x
\pgfutil@everybye=\toks30
\pgfutil@tempdima=\dimen185
\pgfutil@tempdimb=\dimen186

(/usr/local/texlive/2021/texmf-dist/tex/generic/pgf/utilities/pgfutil-common-li
sts.tex))
(/usr/local/texlive/2021/texmf-dist/tex/generic/pgf/utilities/pgfutil-latex.def
\pgfutil@abb=\box55
) (/usr/local/texlive/2021/texmf-dist/tex/generic/pgf/utilities/pgfrcs.code.tex
(/usr/local/texlive/2021/texmf-dist/tex/generic/pgf/pgf.revision.tex)
Package: pgfrcs 2021/05/15 v3.1.9a (3.1.9a)
))
(/usr/local/texlive/2021/texmf-dist/tex/generic/pgf/systemlayer/pgfsys.code.tex
Package: pgfsys 2021/05/15 v3.1.9a (3.1.9a)
(/usr/local/texlive/2021/texmf-dist/tex/generic/pgf/utilities/pgfkeys.code.tex
\pgfkeys@pathtoks=\toks31
\pgfkeys@temptoks=\toks32

(/usr/local/texlive/2021/texmf-dist/tex/generic/pgf/utilities/pgfkeysfiltered.c
ode.tex
\pgfkeys@tmptoks=\toks33
))
\pgf@x=\dimen187
\pgf@y=\dimen188
\pgf@xa=\dimen189
\pgf@ya=\dimen190
\pgf@xb=\dimen191
\pgf@yb=\dimen192
\pgf@xc=\dimen193
\pgf@yc=\dimen194
\pgf@xd=\dimen195
\pgf@yd=\dimen196
\w@pgf@writea=\write3
\r@pgf@reada=\read3
\c@pgf@counta=\count303
\c@pgf@countb=\count304
\c@pgf@countc=\count305
\c@pgf@countd=\count306
\t@pgf@toka=\toks34
\t@pgf@tokb=\toks35
\t@pgf@tokc=\toks36
\pgf@sys@id@count=\count307

(/usr/local/texlive/2021/texmf-dist/tex/generic/pgf/systemlayer/pgf.cfg
File: pgf.cfg 2021/05/15 v3.1.9a (3.1.9a)
)
Driver file for pgf: pgfsys-pdftex.def

(/usr/local/texlive/2021/texmf-dist/tex/generic/pgf/systemlayer/pgfsys-pdftex.d
ef
File: pgfsys-pdftex.def 2021/05/15 v3.1.9a (3.1.9a)

(/usr/local/texlive/2021/texmf-dist/tex/generic/pgf/systemlayer/pgfsys-common-p
df.def
File: pgfsys-common-pdf.def 2021/05/15 v3.1.9a (3.1.9a)
)))
(/usr/local/texlive/2021/texmf-dist/tex/generic/pgf/systemlayer/pgfsyssoftpath.
code.tex
File: pgfsyssoftpath.code.tex 2021/05/15 v3.1.9a (3.1.9a)
\pgfsyssoftpath@smallbuffer@items=\count308
\pgfsyssoftpath@bigbuffer@items=\count309
)
(/usr/local/texlive/2021/texmf-dist/tex/generic/pgf/systemlayer/pgfsysprotocol.
code.tex
File: pgfsysprotocol.code.tex 2021/05/15 v3.1.9a (3.1.9a)
)) (/usr/local/texlive/2021/texmf-dist/tex/latex/wrapfig/wrapfig.sty
\wrapoverhang=\dimen197
\WF@size=\dimen198
\c@WF@wrappedlines=\count310
\WF@box=\box56
\WF@everypar=\toks37
Package: wrapfig 2003/01/31  v 3.6
)
(/usr/local/texlive/2021/texmf-dist/tex/latex/enumitem/enumitem.sty
Package: enumitem 2019/06/20 v3.9 Customized lists
\labelindent=\skip57
\enit@outerparindent=\dimen199
\enit@toks=\toks38
\enit@inbox=\box57
\enit@count@id=\count311
\enitdp@description=\count312
)
(/usr/local/texlive/2021/texmf-dist/tex/latex/fancyhdr/fancyhdr.sty
Package: fancyhdr 2021/01/28 v4.0.1 Extensive control of page headers and foote
rs
\f@nch@headwidth=\skip58
\f@nch@O@elh=\skip59
\f@nch@O@erh=\skip60
\f@nch@O@olh=\skip61
\f@nch@O@orh=\skip62
\f@nch@O@elf=\skip63
\f@nch@O@erf=\skip64
\f@nch@O@olf=\skip65
\f@nch@O@orf=\skip66
)
(/usr/local/texlive/2021/texmf-dist/tex/latex/lastpage/lastpage.sty
Package: lastpage 2021/09/03 v1.2n Refers to last page's name (HMM; JPG)
)
(/usr/local/texlive/2021/texmf-dist/tex/latex/l3backend/l3backend-pdftex.def
File: l3backend-pdftex.def 2021-12-14 L3 backend support: PDF output (pdfTeX)
\l__color_backend_stack_int=\count313
\l__pdf_internal_box=\box58
)
(./2023-BE-01-deu.aux)
\openout1 = `2023-BE-01-deu.aux'.

LaTeX Font Info:    Checking defaults for OML/cmm/m/it on input line 79.
LaTeX Font Info:    ... okay on input line 79.
LaTeX Font Info:    Checking defaults for OMS/cmsy/m/n on input line 79.
LaTeX Font Info:    ... okay on input line 79.
LaTeX Font Info:    Checking defaults for OT1/cmr/m/n on input line 79.
LaTeX Font Info:    ... okay on input line 79.
LaTeX Font Info:    Checking defaults for T1/cmr/m/n on input line 79.
LaTeX Font Info:    ... okay on input line 79.
LaTeX Font Info:    Checking defaults for TS1/cmr/m/n on input line 79.
LaTeX Font Info:    ... okay on input line 79.
LaTeX Font Info:    Checking defaults for OMX/cmex/m/n on input line 79.
LaTeX Font Info:    ... okay on input line 79.
LaTeX Font Info:    Checking defaults for U/cmr/m/n on input line 79.
LaTeX Font Info:    ... okay on input line 79.
LaTeX Font Info:    Checking defaults for PD1/pdf/m/n on input line 79.
LaTeX Font Info:    ... okay on input line 79.
LaTeX Font Info:    Checking defaults for PU/pdf/m/n on input line 79.
LaTeX Font Info:    ... okay on input line 79.

*geometry* driver: auto-detecting
*geometry* detected driver: pdftex
*geometry* verbose mode - [ preamble ] result:
* driver: pdftex
* paper: a4paper
* layout: <same size as paper>
* layoutoffset:(h,v)=(0.0pt,0.0pt)
* modes: 
* h-part:(L,W,R)=(56.9055pt, 483.69687pt, 56.9055pt)
* v-part:(T,H,B)=(56.9055pt, 731.23584pt, 56.9055pt)
* \paperwidth=597.50787pt
* \paperheight=845.04684pt
* \textwidth=483.69687pt
* \textheight=731.23584pt
* \oddsidemargin=-15.36449pt
* \evensidemargin=-15.36449pt
* \topmargin=-52.36449pt
* \headheight=12.0pt
* \headsep=25.0pt
* \topskip=11.0pt
* \footskip=30.0pt
* \marginparwidth=50.0pt
* \marginparsep=10.0pt
* \columnsep=10.0pt
* \skip\footins=10.0pt plus 4.0pt minus 2.0pt
* \hoffset=0.0pt
* \voffset=0.0pt
* \mag=1000
* \@twocolumnfalse
* \@twosidefalse
* \@mparswitchfalse
* \@reversemarginfalse
* (1in=72.27pt=25.4mm, 1cm=28.453pt)

Package hyperref Info: Link coloring OFF on input line 79.
(/usr/local/texlive/2021/texmf-dist/tex/latex/hyperref/nameref.sty
Package: nameref 2021-04-02 v2.47 Cross-referencing by name of section

(/usr/local/texlive/2021/texmf-dist/tex/latex/refcount/refcount.sty
Package: refcount 2019/12/15 v3.6 Data extraction from label references (HO)
)
(/usr/local/texlive/2021/texmf-dist/tex/generic/gettitlestring/gettitlestring.s
ty
Package: gettitlestring 2019/12/15 v1.6 Cleanup title references (HO)
)
\c@section@level=\count314
)
LaTeX Info: Redefining \ref on input line 79.
LaTeX Info: Redefining \pageref on input line 79.
LaTeX Info: Redefining \nameref on input line 79.
 (./2023-BE-01-deu.out) (./2023-BE-01-deu.out)
\@outlinefile=\write4
\openout4 = `2023-BE-01-deu.out'.


(/usr/local/texlive/2021/texmf-dist/tex/context/base/mkii/supp-pdf.mkii
[Loading MPS to PDF converter (version 2006.09.02).]
\scratchcounter=\count315
\scratchdimen=\dimen256
\scratchbox=\box59
\nofMPsegments=\count316
\nofMParguments=\count317
\everyMPshowfont=\toks39
\MPscratchCnt=\count318
\MPscratchDim=\dimen257
\MPnumerator=\count319
\makeMPintoPDFobject=\count320
\everyMPtoPDFconversion=\toks40
) (/usr/local/texlive/2021/texmf-dist/tex/latex/epstopdf-pkg/epstopdf-base.sty
Package: epstopdf-base 2020-01-24 v2.11 Base part for package epstopdf
Package epstopdf-base Info: Redefining graphics rule for `.eps' on input line 4
85.

(/usr/local/texlive/2021/texmf-dist/tex/latex/latexconfig/epstopdf-sys.cfg
File: epstopdf-sys.cfg 2010/07/13 v1.3 Configuration of (r)epstopdf for TeX Liv
e
))
Package lastpage Info: Please have a look at the pageslts package at
(lastpage)             https://www.ctan.org/pkg/pageslts
(lastpage)             ! on input line 79.
Package svg Info: Last page of `./svg-inkscape/2023-BE-01-inline-meinstandort_s
vg-tex.pdf' is 1 on input line 86.

(./svg-inkscape/2023-BE-01-inline-meinstandort_svg-tex.pdf_tex
<./svg-inkscape/2023-BE-01-inline-meinstandort_svg-tex.pdf, id=8, page=1, 43.34
866pt x 61.1989pt>
File: ./svg-inkscape/2023-BE-01-inline-meinstandort_svg-tex.pdf Graphic file (t
ype pdf)
<use ./svg-inkscape/2023-BE-01-inline-meinstandort_svg-tex.pdf, page 1>
Package pdftex.def Info: ./svg-inkscape/2023-BE-01-inline-meinstandort_svg-tex.
pdf , page1 used on input line 56.
(pdftex.def)             Requested size: 11.54317pt x 16.29607pt.
)
LaTeX Font Info:    Trying to load font information for U+msa on input line 90.


(/usr/local/texlive/2021/texmf-dist/tex/latex/amsfonts/umsa.fd
File: umsa.fd 2013/01/14 v3.01 AMS symbols A
)
LaTeX Font Info:    Trying to load font information for U+msb on input line 90.


(/usr/local/texlive/2021/texmf-dist/tex/latex/amsfonts/umsb.fd
File: umsb.fd 2013/01/14 v3.01 AMS symbols B
)
Package svg Info: Last page of `./svg-inkscape/2023-BE-01-inline-kiosk_svg-tex.
pdf' is 1 on input line 90.

(./svg-inkscape/2023-BE-01-inline-kiosk_svg-tex.pdf_tex
<./svg-inkscape/2023-BE-01-inline-kiosk_svg-tex.pdf, id=10, page=1, 65.96143pt 
x 56.12367pt>
File: ./svg-inkscape/2023-BE-01-inline-kiosk_svg-tex.pdf Graphic file (type pdf
)
<use ./svg-inkscape/2023-BE-01-inline-kiosk_svg-tex.pdf, page 1>
Package pdftex.def Info: ./svg-inkscape/2023-BE-01-inline-kiosk_svg-tex.pdf , p
age1 used on input line 56.
(pdftex.def)             Requested size: 14.45404pt x 12.29756pt.
)
Package svg Info: Last page of `./svg-inkscape/2023-BE-01-inline-markt_svg-tex.
pdf' is 1 on input line 91.

(./svg-inkscape/2023-BE-01-inline-markt_svg-tex.pdf_tex
<./svg-inkscape/2023-BE-01-inline-markt_svg-tex.pdf, id=12, page=1, 40.89958pt 
x 60.18379pt>
File: ./svg-inkscape/2023-BE-01-inline-markt_svg-tex.pdf Graphic file (type pdf
)
<use ./svg-inkscape/2023-BE-01-inline-markt_svg-tex.pdf, page 1>
Package pdftex.def Info: ./svg-inkscape/2023-BE-01-inline-markt_svg-tex.pdf , p
age1 used on input line 56.
(pdftex.def)             Requested size: 10.84053pt x 15.95137pt.
)
Package svg Info: Last page of `./svg-inkscape/2023-BE-01-inline-apotheke_svg-t
ex.pdf' is 1 on input line 92.

(./svg-inkscape/2023-BE-01-inline-apotheke_svg-tex.pdf_tex
<./svg-inkscape/2023-BE-01-inline-apotheke_svg-tex.pdf, id=14, page=1, 68.05275
pt x 62.40213pt>
File: ./svg-inkscape/2023-BE-01-inline-apotheke_svg-tex.pdf Graphic file (type 
pdf)
<use ./svg-inkscape/2023-BE-01-inline-apotheke_svg-tex.pdf, page 1>
Package pdftex.def Info: ./svg-inkscape/2023-BE-01-inline-apotheke_svg-tex.pdf 
, page1 used on input line 56.
(pdftex.def)             Requested size: 14.45404pt x 13.25336pt.
)
Package svg Info: Last page of `./svg-inkscape/2023-BE-01-deu-challenge_svg-tex
.pdf' is 1 on input line 105.

(./svg-inkscape/2023-BE-01-deu-challenge_svg-tex.pdf_tex
<./svg-inkscape/2023-BE-01-deu-challenge_svg-tex.pdf, id=16, page=1, 641.06285p
t x 465.97604pt>
File: ./svg-inkscape/2023-BE-01-deu-challenge_svg-tex.pdf Graphic file (type pd
f)
<use ./svg-inkscape/2023-BE-01-deu-challenge_svg-tex.pdf, page 1>
Package pdftex.def Info: ./svg-inkscape/2023-BE-01-deu-challenge_svg-tex.pdf , 
page1 used on input line 56.
(pdftex.def)             Requested size: 224.37592pt x 163.09406pt.
)
Package svg Info: Last page of `./svg-inkscape/2023-BE-01-deu-challengebrochure
_svg-tex.pdf' is 1 on input line 118.

(./svg-inkscape/2023-BE-01-deu-challengebrochure_svg-tex.pdf_tex
<./svg-inkscape/2023-BE-01-deu-challengebrochure_svg-tex.pdf, id=18, page=1, 64
1.06285pt x 465.97604pt>
File: ./svg-inkscape/2023-BE-01-deu-challengebrochure_svg-tex.pdf Graphic file 
(type pdf)
<use ./svg-inkscape/2023-BE-01-deu-challengebrochure_svg-tex.pdf, page 1>
Package pdftex.def Info: ./svg-inkscape/2023-BE-01-deu-challengebrochure_svg-te
x.pdf , page1 used on input line 56.
(pdftex.def)             Requested size: 224.37592pt x 163.09406pt.
) [1

{/usr/local/texlive/2021/texmf-var/fonts/map/pdftex/updmap/pdftex.map} <./svg-i
nkscape/2023-BE-01-inline-meinstandort_svg-tex.pdf> <./svg-inkscape/2023-BE-01-
inline-kiosk_svg-tex.pdf

pdfTeX warning: /Library/TeX/texbin/pdflatex (file ./svg-inkscape/2023-BE-01-in
line-kiosk_svg-tex.pdf): PDF inclusion: multiple pdfs with page group included 
in a single page
> <./svg-inkscape/2023-BE-01-inline-markt_svg-tex.pdf

pdfTeX warning: /Library/TeX/texbin/pdflatex (file ./svg-inkscape/2023-BE-01-in
line-markt_svg-tex.pdf): PDF inclusion: multiple pdfs with page group included 
in a single page
> <./svg-inkscape/2023-BE-01-inline-apotheke_svg-tex.pdf

pdfTeX warning: /Library/TeX/texbin/pdflatex (file ./svg-inkscape/2023-BE-01-in
line-apotheke_svg-tex.pdf): PDF inclusion: multiple pdfs with page group includ
ed in a single page
> <./svg-inkscape/2023-BE-01-deu-challenge_svg-tex.pdf

pdfTeX warning: /Library/TeX/texbin/pdflatex (file ./svg-inkscape/2023-BE-01-de
u-challenge_svg-tex.pdf): PDF inclusion: multiple pdfs with page group included
 in a single page
> <./svg-inkscape/2023-BE-01-deu-challengebrochure_svg-tex.pdf

pdfTeX warning: /Library/TeX/texbin/pdflatex (file ./svg-inkscape/2023-BE-01-de
u-challengebrochure_svg-tex.pdf): PDF inclusion: multiple pdfs with page group 
included in a single page
>]
Package svg Info: Last page of `./svg-inkscape/2023-BE-01-deu-solution_svg-tex.
pdf' is 1 on input line 151.
 (./svg-inkscape/2023-BE-01-deu-solution_svg-tex.pdf_tex
<./svg-inkscape/2023-BE-01-deu-solution_svg-tex.pdf, id=44, page=1, 641.06285pt
 x 465.97604pt>
File: ./svg-inkscape/2023-BE-01-deu-solution_svg-tex.pdf Graphic file (type pdf
)
<use ./svg-inkscape/2023-BE-01-deu-solution_svg-tex.pdf, page 1>
Package pdftex.def Info: ./svg-inkscape/2023-BE-01-deu-solution_svg-tex.pdf , p
age1 used on input line 56.
(pdftex.def)             Requested size: 224.37592pt x 163.09406pt.
)
Package svg Info: Last page of `./svg-inkscape/2023-BE-01-weg_svg-tex.pdf' is 1
 on input line 156.

(./svg-inkscape/2023-BE-01-weg_svg-tex.pdf_tex
<./svg-inkscape/2023-BE-01-weg_svg-tex.pdf, id=46, page=1, 1038.5878pt x 92.945
pt>
File: ./svg-inkscape/2023-BE-01-weg_svg-tex.pdf Graphic file (type pdf)
<use ./svg-inkscape/2023-BE-01-weg_svg-tex.pdf, page 1>
Package pdftex.def Info: ./svg-inkscape/2023-BE-01-weg_svg-tex.pdf , page1 used
 on input line 56.
(pdftex.def)             Requested size: 363.51207pt x 32.53122pt.
)
(./svg-inkscape/graph1_svg-tex.pdf_tex) (./svg-inkscape/graph2_svg-tex.pdf_tex)
(./svg-inkscape/graph3_svg-tex.pdf_tex)
(./svg-inkscape/2023-BE-01-inline-apotheke_svg-tex.pdf_tex)
(./svg-inkscape/2023-BE-01-inline-kiosk_svg-tex.pdf_tex)
(./svg-inkscape/2023-BE-01-inline-baeckerei_svg-tex.pdf_tex)
(./svg-inkscape/2023-BE-01-inline-schule_svg-tex.pdf_tex)
(./svg-inkscape/graph4_svg-tex.pdf_tex)
(./svg-inkscape/2023-BE-01-inline-meinstandort_svg-tex.pdf_tex)
(./svg-inkscape/2023-BE-01-inline-baeckerei_svg-tex.pdf_tex)
(./svg-inkscape/2023-BE-01-inline-schule_svg-tex.pdf_tex)
(./svg-inkscape/2023-BE-01-inline-markt_svg-tex.pdf_tex)
(./svg-inkscape/graph5_svg-tex.pdf_tex) (./svg-inkscape/graph1_svg-tex.pdf_tex)
(./svg-inkscape/graph2_svg-tex.pdf_tex) (./svg-inkscape/graph3_svg-tex.pdf_tex)
(./svg-inkscape/2023-BE-01-inline-apotheke_svg-tex.pdf_tex)
(./svg-inkscape/2023-BE-01-inline-kiosk_svg-tex.pdf_tex)
(./svg-inkscape/2023-BE-01-inline-baeckerei_svg-tex.pdf_tex)
(./svg-inkscape/2023-BE-01-inline-schule_svg-tex.pdf_tex)
(./svg-inkscape/graph4_svg-tex.pdf_tex)
(./svg-inkscape/2023-BE-01-inline-meinstandort_svg-tex.pdf_tex)
(./svg-inkscape/2023-BE-01-inline-baeckerei_svg-tex.pdf_tex)
(./svg-inkscape/2023-BE-01-inline-schule_svg-tex.pdf_tex)
(./svg-inkscape/2023-BE-01-inline-markt_svg-tex.pdf_tex)
(./svg-inkscape/graph5_svg-tex.pdf_tex)
Package svg Info: Last page of `./svg-inkscape/graph1_svg-tex.pdf' is 1 on inpu
t line 166.
 (./svg-inkscape/graph1_svg-tex.pdf_tex
File: ./svg-inkscape/graph1_svg-tex.pdf Graphic file (type pdf)
<use ./svg-inkscape/graph1_svg-tex.pdf, page 1>
Package pdftex.def Info: ./svg-inkscape/graph1_svg-tex.pdf , page1 used on inpu
t line 56.
(pdftex.def)             Requested size: 100.5999pt x 70.81227pt.
)
Package svg Info: Last page of `./svg-inkscape/graph2_svg-tex.pdf' is 1 on inpu
t line 166.
(./svg-inkscape/graph2_svg-tex.pdf_tex
File: ./svg-inkscape/graph2_svg-tex.pdf Graphic file (type pdf)
<use ./svg-inkscape/graph2_svg-tex.pdf, page 1>
Package pdftex.def Info: ./svg-inkscape/graph2_svg-tex.pdf , page1 used on inpu
t line 56.
(pdftex.def)             Requested size: 100.5999pt x 70.81227pt.
)
Package svg Info: Last page of `./svg-inkscape/graph3_svg-tex.pdf' is 1 on inpu
t line 166.
 (./svg-inkscape/graph3_svg-tex.pdf_tex
File: ./svg-inkscape/graph3_svg-tex.pdf Graphic file (type pdf)
<use ./svg-inkscape/graph3_svg-tex.pdf, page 1>
Package pdftex.def Info: ./svg-inkscape/graph3_svg-tex.pdf , page1 used on inpu
t line 56.
(pdftex.def)             Requested size: 100.5999pt x 70.81227pt.
)
Package svg Info: Last page of `./svg-inkscape/2023-BE-01-inline-apotheke_svg-t
ex.pdf' is 1 on input line 166.
(./svg-inkscape/2023-BE-01-inline-apotheke_svg-tex.pdf_tex
File: ./svg-inkscape/2023-BE-01-inline-apotheke_svg-tex.pdf Graphic file (type 
pdf)
<use ./svg-inkscape/2023-BE-01-inline-apotheke_svg-tex.pdf, page 1>
Package pdftex.def Info: ./svg-inkscape/2023-BE-01-inline-apotheke_svg-tex.pdf 
, page1 used on input line 56.
(pdftex.def)             Requested size: 14.45404pt x 13.25336pt.
)
Package svg Info: Last page of `./svg-inkscape/2023-BE-01-inline-kiosk_svg-tex.
pdf' is 1 on input line 166.

(./svg-inkscape/2023-BE-01-inline-kiosk_svg-tex.pdf_tex
File: ./svg-inkscape/2023-BE-01-inline-kiosk_svg-tex.pdf Graphic file (type pdf
)
<use ./svg-inkscape/2023-BE-01-inline-kiosk_svg-tex.pdf, page 1>
Package pdftex.def Info: ./svg-inkscape/2023-BE-01-inline-kiosk_svg-tex.pdf , p
age1 used on input line 56.
(pdftex.def)             Requested size: 14.45404pt x 12.29756pt.
)
Package svg Info: Last page of `./svg-inkscape/2023-BE-01-inline-baeckerei_svg-
tex.pdf' is 1 on input line 166.

(./svg-inkscape/2023-BE-01-inline-baeckerei_svg-tex.pdf_tex
File: ./svg-inkscape/2023-BE-01-inline-baeckerei_svg-tex.pdf Graphic file (type
 pdf)
<use ./svg-inkscape/2023-BE-01-inline-baeckerei_svg-tex.pdf, page 1>
Package pdftex.def Info: ./svg-inkscape/2023-BE-01-inline-baeckerei_svg-tex.pdf
 , page1 used on input line 56.
(pdftex.def)             Requested size: 14.45404pt x 12.05331pt.
)
Package svg Info: Last page of `./svg-inkscape/2023-BE-01-inline-schule_svg-tex
.pdf' is 1 on input line 166.

(./svg-inkscape/2023-BE-01-inline-schule_svg-tex.pdf_tex
File: ./svg-inkscape/2023-BE-01-inline-schule_svg-tex.pdf Graphic file (type pd
f)
<use ./svg-inkscape/2023-BE-01-inline-schule_svg-tex.pdf, page 1>
Package pdftex.def Info: ./svg-inkscape/2023-BE-01-inline-schule_svg-tex.pdf , 
page1 used on input line 56.
(pdftex.def)             Requested size: 15.25705pt x 15.96495pt.
)
Package svg Info: Last page of `./svg-inkscape/graph4_svg-tex.pdf' is 1 on inpu
t line 166.

(./svg-inkscape/graph4_svg-tex.pdf_tex
File: ./svg-inkscape/graph4_svg-tex.pdf Graphic file (type pdf)
<use ./svg-inkscape/graph4_svg-tex.pdf, page 1>
Package pdftex.def Info: ./svg-inkscape/graph4_svg-tex.pdf , page1 used on inpu
t line 56.
(pdftex.def)             Requested size: 100.5999pt x 70.81227pt.
)
Package svg Info: Last page of `./svg-inkscape/2023-BE-01-inline-meinstandort_s
vg-tex.pdf' is 1 on input line 166.

(./svg-inkscape/2023-BE-01-inline-meinstandort_svg-tex.pdf_tex
File: ./svg-inkscape/2023-BE-01-inline-meinstandort_svg-tex.pdf Graphic file (t
ype pdf)
<use ./svg-inkscape/2023-BE-01-inline-meinstandort_svg-tex.pdf, page 1>
Package pdftex.def Info: ./svg-inkscape/2023-BE-01-inline-meinstandort_svg-tex.
pdf , page1 used on input line 56.
(pdftex.def)             Requested size: 11.54317pt x 16.29607pt.
)
Package svg Info: Last page of `./svg-inkscape/2023-BE-01-inline-baeckerei_svg-
tex.pdf' is 1 on input line 166.

(./svg-inkscape/2023-BE-01-inline-baeckerei_svg-tex.pdf_tex
File: ./svg-inkscape/2023-BE-01-inline-baeckerei_svg-tex.pdf Graphic file (type
 pdf)
<use ./svg-inkscape/2023-BE-01-inline-baeckerei_svg-tex.pdf, page 1>
Package pdftex.def Info: ./svg-inkscape/2023-BE-01-inline-baeckerei_svg-tex.pdf
 , page1 used on input line 56.
(pdftex.def)             Requested size: 14.45404pt x 12.05331pt.
)
Package svg Info: Last page of `./svg-inkscape/2023-BE-01-inline-schule_svg-tex
.pdf' is 1 on input line 166.

(./svg-inkscape/2023-BE-01-inline-schule_svg-tex.pdf_tex
File: ./svg-inkscape/2023-BE-01-inline-schule_svg-tex.pdf Graphic file (type pd
f)
<use ./svg-inkscape/2023-BE-01-inline-schule_svg-tex.pdf, page 1>
Package pdftex.def Info: ./svg-inkscape/2023-BE-01-inline-schule_svg-tex.pdf , 
page1 used on input line 56.
(pdftex.def)             Requested size: 15.25705pt x 15.96495pt.
)
Package svg Info: Last page of `./svg-inkscape/2023-BE-01-inline-markt_svg-tex.
pdf' is 1 on input line 166.

(./svg-inkscape/2023-BE-01-inline-markt_svg-tex.pdf_tex
File: ./svg-inkscape/2023-BE-01-inline-markt_svg-tex.pdf Graphic file (type pdf
)
<use ./svg-inkscape/2023-BE-01-inline-markt_svg-tex.pdf, page 1>
Package pdftex.def Info: ./svg-inkscape/2023-BE-01-inline-markt_svg-tex.pdf , p
age1 used on input line 56.
(pdftex.def)             Requested size: 10.84053pt x 15.95137pt.
)
Package svg Info: Last page of `./svg-inkscape/graph5_svg-tex.pdf' is 1 on inpu
t line 166.

(./svg-inkscape/graph5_svg-tex.pdf_tex
File: ./svg-inkscape/graph5_svg-tex.pdf Graphic file (type pdf)
<use ./svg-inkscape/graph5_svg-tex.pdf, page 1>
Package pdftex.def Info: ./svg-inkscape/graph5_svg-tex.pdf , page1 used on inpu
t line 56.
(pdftex.def)             Requested size: 100.5999pt x 70.81227pt.
) [2 <./svg-inkscape/2023-BE-01-deu-solution_svg-tex.pdf> <./svg-inkscape/2023-
BE-01-weg_svg-tex.pdf

pdfTeX warning: /Library/TeX/texbin/pdflatex (file ./svg-inkscape/2023-BE-01-we
g_svg-tex.pdf): PDF inclusion: multiple pdfs with page group included in a sing
le page
>]
Package svg Info: Last page of `./svg-inkscape/graph1-abstract-compatible_svg-t
ex.pdf' is 1 on input line 175.
 (./svg-inkscape/graph1-abstract-compatible_svg-tex.pdf_tex
<./svg-inkscape/graph1-abstract-compatible_svg-tex.pdf, id=104, page=1, 357.764
1pt x 360.80551pt>
File: ./svg-inkscape/graph1-abstract-compatible_svg-tex.pdf Graphic file (type 
pdf)
<use ./svg-inkscape/graph1-abstract-compatible_svg-tex.pdf, page 1>
Package pdftex.def Info: ./svg-inkscape/graph1-abstract-compatible_svg-tex.pdf 
, page1 used on input line 56.
(pdftex.def)             Requested size: 125.2196pt x 126.28381pt.
) [3 <./svg-inkscape/graph1_svg-tex.pdf> <./svg-inkscape/graph2_svg-tex.pdf

pdfTeX warning: /Library/TeX/texbin/pdflatex (file ./svg-inkscape/graph2_svg-te
x.pdf): PDF inclusion: multiple pdfs with page group included in a single page
> <./svg-inkscape/graph3_svg-tex.pdf

pdfTeX warning: /Library/TeX/texbin/pdflatex (file ./svg-inkscape/graph3_svg-te
x.pdf): PDF inclusion: multiple pdfs with page group included in a single page
> <./svg-inkscape/2023-BE-01-inline-baeckerei_svg-tex.pdf

pdfTeX warning: /Library/TeX/texbin/pdflatex (file ./svg-inkscape/2023-BE-01-in
line-baeckerei_svg-tex.pdf): PDF inclusion: multiple pdfs with page group inclu
ded in a single page
> <./svg-inkscape/2023-BE-01-inline-schule_svg-tex.pdf

pdfTeX warning: /Library/TeX/texbin/pdflatex (file ./svg-inkscape/2023-BE-01-in
line-schule_svg-tex.pdf): PDF inclusion: multiple pdfs with page group included
 in a single page
> <./svg-inkscape/graph4_svg-tex.pdf

pdfTeX warning: /Library/TeX/texbin/pdflatex (file ./svg-inkscape/graph4_svg-te
x.pdf): PDF inclusion: multiple pdfs with page group included in a single page
> <./svg-inkscape/graph5_svg-tex.pdf

pdfTeX warning: /Library/TeX/texbin/pdflatex (file ./svg-inkscape/graph5_svg-te
x.pdf): PDF inclusion: multiple pdfs with page group included in a single page
> <./svg-inkscape/graph1-abstract-compatible_svg-tex.pdf

pdfTeX warning: /Library/TeX/texbin/pdflatex (file ./svg-inkscape/graph1-abstra
ct-compatible_svg-tex.pdf): PDF inclusion: multiple pdfs with page group includ
ed in a single page
>]
LaTeX Font Info:    Trying to load font information for T1+cmtt on input line 2
07.
 (/usr/local/texlive/2021/texmf-dist/tex/latex/base/t1cmtt.fd
File: t1cmtt.fd 2019/12/16 v2.5j Standard LaTeX font definitions
)
Overfull \hbox (23.5994pt too wide) in paragraph at lines 208--209
[]\T1/cmr/m/n/10.95 Kürzeste We-ge: Aben-teu-er In-for-ma-tik, Ka-pi-tel $\OT1/
cmr/m/n/10.95 1$ \T1/cmr/m/n/10.95 ([]\T1/cmtt/m/n/10.95 http://abenteuer-infor
matik.de/dasbuch.html[]\T1/cmr/m/n/10.95 ) 
 []


AED: lastpage setting LastPage
[4] (./2023-BE-01-deu.aux)
Package rerunfilecheck Info: File `2023-BE-01-deu.out' has not changed.
(rerunfilecheck)             Checksum: D41D8CD98F00B204E9800998ECF8427E;0.
 ) 
Here is how much of TeX's memory you used:
 16089 strings out of 478353
 276721 string characters out of 5848086
 618997 words of memory out of 5000000
 33774 multiletter control sequences out of 15000+600000
 414720 words of font info for 55 fonts, out of 8000000 for 9000
 1141 hyphenation exceptions out of 8191
 94i,21n,92p,1069b,586s stack positions out of 5000i,500n,10000p,200000b,80000s
{/usr/local/texlive/2021/texmf-dist/fonts/enc/dvips/cm-super/cm-super-t1.enc}
{/usr/local/texlive/2021/texmf-dist/fonts/enc/dvips/cm-super/cm-super-ts1.enc}<
/usr/local/texlive/2021/texmf-dist/fonts/type1/public/amsfonts/cm/cmr10.pfb></u
sr/local/texlive/2021/texmf-dist/fonts/type1/public/amsfonts/cm/cmsy10.pfb></us
r/local/texlive/2021/texmf-dist/fonts/type1/public/cm-super/sfbx1200.pfb></usr/
local/texlive/2021/texmf-dist/fonts/type1/public/cm-super/sfbx1440.pfb></usr/lo
cal/texlive/2021/texmf-dist/fonts/type1/public/cm-super/sfrm0800.pfb></usr/loca
l/texlive/2021/texmf-dist/fonts/type1/public/cm-super/sfrm1095.pfb></usr/local/
texlive/2021/texmf-dist/fonts/type1/public/cm-super/sfti0800.pfb></usr/local/te
xlive/2021/texmf-dist/fonts/type1/public/cm-super/sfti1095.pfb></usr/local/texl
ive/2021/texmf-dist/fonts/type1/public/cm-super/sftt1095.pfb>
Output written on 2023-BE-01-deu.pdf (4 pages, 300609 bytes).
PDF statistics:
 176 PDF objects out of 1000 (max. 8388607)
 86 compressed objects within 1 object stream
 15 named destinations out of 1000 (max. 500000)
 333 words of extra memory for PDF output out of 10000 (max. 10000000)

