This is pdfTeX, Version 3.141592653-2.6-1.40.23 (TeX Live 2022/dev) (preloaded format=pdflatex 2022.1.12)  13 NOV 2023 16:18
entering extended mode
 \write18 enabled.
 file:line:error style messages enabled.
 %&-line parsing enabled.
**2023-AU-05a-deu_brochure.tex
(./2023-AU-05a-deu_brochure.tex
LaTeX2e <2021-11-15> patch level 1
L3 programming layer <2021-11-22>

./2023-AU-05a-deu_brochure.tex:2: LaTeX Error: No counter 'taskAgeDifficulty3to
4' defined.

See the LaTeX manual or LaTeX Companion for explanation.
Type  H <return>  for immediate help.
 ...                                              
                                                  
l.2 \setcounter{taskAgeDifficulty3to4}{0}
                                         
? 
./2023-AU-05a-deu_brochure.tex:2: Emergency stop.
 ...                                              
                                                  
l.2 \setcounter{taskAgeDifficulty3to4}{0}
                                         
Your command was ignored.
Type  I <command> <return>  to replace it with another command,
or  <return>  to continue without it.

 
Here is how much of TeX's memory you used:
 17 strings out of 478353
 610 string characters out of 5848086
 295989 words of memory out of 5000000
 18244 multiletter control sequences out of 15000+600000
 403430 words of font info for 27 fonts, out of 8000000 for 9000
 1141 hyphenation exceptions out of 8191
 13i,0n,12p,221b,14s stack positions out of 5000i,500n,10000p,200000b,80000s
./2023-AU-05a-deu_brochure.tex:2:  ==> Fatal error occurred, no output PDF file
 produced!
